Using pre-set license
Built from '2020.3/staging' branch; Version is '2020.3.30f1 (1fb1bf06830e) revision 2077119'; Using compiler version '192528614'; Build Type 'Release'
OS: 'Windows 11  (10.0.22631) 64bit Professional' Language: 'zh' Physical Memory: 16253 MB
BatchMode: 1, IsHumanControllingUs: 0, StartBugReporterOnCrash: 0, Is64bit: 1, IsPro: 0

COMMAND LINE ARGUMENTS:
C:\Users\a0960\OneDrive\桌面\un\2020.3.30f1\Editor\Unity.exe
-adb2
-batchMode
-noUpm
-name
AssetImportWorker0
-projectPath
C:/Users/a0960/new
-logFile
Logs/AssetImportWorker0.log
-srvPort
53097
Successfully changed project path to: C:/Users/a0960/new
C:/Users/a0960/new
Using Asset Import Pipeline V2.
Refreshing native plugins compatible for Editor in 41.02 ms, found 3 plugins.
Preloading 0 native plugins for Editor in 0.00 ms.
Initialize engine version: 2020.3.30f1 (1fb1bf06830e)
[Subsystems] Discovering subsystems at path C:/Users/a0960/OneDrive/桌面/un/2020.3.30f1/Editor/Data/Resources/UnitySubsystems
[Subsystems] Discovering subsystems at path C:/Users/a0960/new/Assets
GfxDevice: creating device client; threaded=0
Direct3D:
    Version:  Direct3D 11.0 [level 11.1]
    Renderer: NVIDIA GeForce RTX 3060 Laptop GPU (ID=0x2520)
    Vendor:   
    VRAM:     6023 MB
    Driver:   30.0.15.1165
Initialize mono
Mono path[0] = 'C:/Users/a0960/OneDrive/桌面/un/2020.3.30f1/Editor/Data/Managed'
Mono path[1] = 'C:/Users/a0960/OneDrive/桌面/un/2020.3.30f1/Editor/Data/MonoBleedingEdge/lib/mono/unityjit'
Mono config path = 'C:/Users/a0960/OneDrive/桌面/un/2020.3.30f1/Editor/Data/MonoBleedingEdge/etc'
Using monoOptions --debugger-agent=transport=dt_socket,embedding=1,server=y,suspend=n,address=127.0.0.1:56668
Begin MonoManager ReloadAssembly
Registering precompiled unity dll's ...
Register platform support module: C:/Users/a0960/OneDrive/桌面/un/2020.3.30f1/Editor/Data/PlaybackEngines/WebGLSupport/UnityEditor.WebGL.Extensions.dll
Register platform support module: C:/Users/a0960/OneDrive/桌面/un/2020.3.30f1/Editor/Data/PlaybackEngines/MacStandaloneSupport/UnityEditor.OSXStandalone.Extensions.dll
Register platform support module: C:/Users/a0960/OneDrive/桌面/un/2020.3.30f1/Editor/Data/PlaybackEngines/WindowsStandaloneSupport/UnityEditor.WindowsStandalone.Extensions.dll
Register platform support module: C:/Users/a0960/OneDrive/桌面/un/2020.3.30f1/Editor/Data/PlaybackEngines/LinuxStandaloneSupport/UnityEditor.LinuxStandalone.Extensions.dll
Register platform support module: C:/Users/a0960/OneDrive/桌面/un/2020.3.30f1/Editor/Data/PlaybackEngines/LuminSupport/UnityEditor.Lumin.Extensions.dll
Registered in 0.005700 seconds.
Native extension for Lumin target not found
Native extension for LinuxStandalone target not found
Native extension for WindowsStandalone target not found
Native extension for OSXStandalone target not found
Native extension for WebGL target not found
Refreshing native plugins compatible for Editor in 37.30 ms, found 3 plugins.
Preloading 0 native plugins for Editor in 0.00 ms.
Mono: successfully reloaded assembly
- Completed reload, in  0.536 seconds
Domain Reload Profiling:
	ReloadAssembly (536ms)
		BeginReloadAssembly (66ms)
			ExecutionOrderSort (0ms)
			DisableScriptedObjects (0ms)
			BackupInstance (0ms)
			ReleaseScriptingObjects (0ms)
			CreateAndSetChildDomain (1ms)
		EndReloadAssembly (393ms)
			LoadAssemblies (62ms)
			RebuildTransferFunctionScriptingTraits (0ms)
			SetupTypeCache (124ms)
			ReleaseScriptCaches (0ms)
			RebuildScriptCaches (24ms)
			SetupLoadedEditorAssemblies (145ms)
				LogAssemblyErrors (0ms)
				InitializePlatformSupportModulesInManaged (6ms)
				SetLoadedEditorAssemblies (0ms)
				RefreshPlugins (37ms)
				BeforeProcessingInitializeOnLoad (13ms)
				ProcessInitializeOnLoadAttributes (64ms)
				ProcessInitializeOnLoadMethodAttributes (23ms)
				AfterProcessingInitializeOnLoad (0ms)
				EditorAssembliesLoaded (0ms)
			ExecutionOrderSort2 (0ms)
			AwakeInstancesAfterBackupRestoration (0ms)
Platform modules already initialized, skipping
Registering precompiled user dll's ...
Registered in 0.005934 seconds.
Begin MonoManager ReloadAssembly
Native extension for Lumin target not found
Native extension for LinuxStandalone target not found
Native extension for WindowsStandalone target not found
Native extension for OSXStandalone target not found
Native extension for WebGL target not found
Refreshing native plugins compatible for Editor in 37.85 ms, found 3 plugins.
Preloading 0 native plugins for Editor in 0.00 ms.
Mono: successfully reloaded assembly
- Completed reload, in  1.002 seconds
Domain Reload Profiling:
	ReloadAssembly (1003ms)
		BeginReloadAssembly (141ms)
			ExecutionOrderSort (0ms)
			DisableScriptedObjects (4ms)
			BackupInstance (0ms)
			ReleaseScriptingObjects (0ms)
			CreateAndSetChildDomain (16ms)
		EndReloadAssembly (794ms)
			LoadAssemblies (105ms)
			RebuildTransferFunctionScriptingTraits (0ms)
			SetupTypeCache (238ms)
			ReleaseScriptCaches (0ms)
			RebuildScriptCaches (36ms)
			SetupLoadedEditorAssemblies (315ms)
				LogAssemblyErrors (0ms)
				InitializePlatformSupportModulesInManaged (6ms)
				SetLoadedEditorAssemblies (0ms)
				RefreshPlugins (38ms)
				BeforeProcessingInitializeOnLoad (76ms)
				ProcessInitializeOnLoadAttributes (168ms)
				ProcessInitializeOnLoadMethodAttributes (13ms)
				AfterProcessingInitializeOnLoad (14ms)
				EditorAssembliesLoaded (0ms)
			ExecutionOrderSort2 (0ms)
			AwakeInstancesAfterBackupRestoration (5ms)
Platform modules already initialized, skipping
========================================================================
Worker process is ready to serve import requests
Launched and connected shader compiler UnityShaderCompiler.exe after 0.03 seconds
Refreshing native plugins compatible for Editor in 0.43 ms, found 3 plugins.
Preloading 0 native plugins for Editor in 0.00 ms.
Unloading 2196 Unused Serialized files (Serialized files now loaded: 0)
System memory in use before: 96.0 MB.
System memory in use after: 96.1 MB.

Unloading 25 unused Assets to reduce memory usage. Loaded Objects now: 2632.
Total: 2.446000 ms (FindLiveObjects: 0.180600 ms CreateObjectMapping: 0.078400 ms MarkObjects: 2.135400 ms  DeleteObjects: 0.050900 ms)

AssetImportParameters requested are different than current active one (requested -> active):
  custom:framework-win-MediaFoundation: 216162199b28c13a410421893ffa2e32 -> 
  custom:video-decoder-ogg-theora: a1e56fd34408186e4bbccfd4996cb3dc -> 
  custom:container-muxer-webm: aa71ff27fc2769a1b78a27578f13a17b -> 
  custom:container-demuxer-webm: 4f35f7cbe854078d1ac9338744f61a02 -> 
  custom:container-demuxer-ogg: 62fdf1f143b41e24485cea50d1cbac27 -> 
  custom:video-encoder-webm-vp8: eb34c28f22e8b96e1ab97ce403110664 -> 
  custom:video-codec-MediaFoundation-h265: 746d11721c4dcdbdad8f713fa42b33f4 -> 
  custom:video-decoder-webm-vp8: 9c59270c3fd7afecdb556c50c9e8de78 -> 
  custom:audio-decoder-ogg-vorbis: bf7c407c2cedff20999df2af8eb42d56 -> 
  custom:audio-encoder-webm-vorbis: bf7c407c2cedff20999df2af8eb42d56 -> 
========================================================================
Received Import Request.
  path: Assets/2_1.prefab
  artifactKey: Guid(95e5c6f2ffb62b24cb4679f3497851fe) Importer(815301076,1909f56bfc062723c751e8b465ee728b)
Start importing Assets/2_1.prefab using Guid(95e5c6f2ffb62b24cb4679f3497851fe) Importer(815301076,1909f56bfc062723c751e8b465ee728b)  -> (artifact id: '312d5b9c35816dbc929602be00fe6550') in 0.125306 seconds 
========================================================================
Received Import Request.
  Time since last request: 69.318237 seconds.
  path: Assets/Animation idle.anim
  artifactKey: Guid(572692d64d084e246af94170c5ac45de) Importer(815301076,1909f56bfc062723c751e8b465ee728b)
Start importing Assets/Animation idle.anim using Guid(572692d64d084e246af94170c5ac45de) Importer(815301076,1909f56bfc062723c751e8b465ee728b)  -> (artifact id: 'dcc78942e0f83a57a80f732ee36431ad') in 0.011163 seconds 
========================================================================
Received Import Request.
  Time since last request: 12.047760 seconds.
  path: Assets/3_1.prefab
  artifactKey: Guid(eb2ff61c6497fbe4b8ceb21fa95e541b) Importer(815301076,1909f56bfc062723c751e8b465ee728b)
Start importing Assets/3_1.prefab using Guid(eb2ff61c6497fbe4b8ceb21fa95e541b) Importer(815301076,1909f56bfc062723c751e8b465ee728b)  -> (artifact id: 'fb12fbfe7746f450056889f350277586') in 0.045854 seconds 
========================================================================
Received Import Request.
  Time since last request: 15.149799 seconds.
  path: Assets/3_1.controller
  artifactKey: Guid(dcb66ba45ae56b043a272b1a640421a3) Importer(815301076,1909f56bfc062723c751e8b465ee728b)
Start importing Assets/3_1.controller using Guid(dcb66ba45ae56b043a272b1a640421a3) Importer(815301076,1909f56bfc062723c751e8b465ee728b)  -> (artifact id: '103cb93347757c9bc00f241e1747ff9b') in 0.007924 seconds 
========================================================================
Received Import Request.
  Time since last request: 11.416125 seconds.
  path: Assets/3 1_1.prefab
  artifactKey: Guid(15f073c95fa072344ba835f7efbe3078) Importer(815301076,1909f56bfc062723c751e8b465ee728b)
Start importing Assets/3 1_1.prefab using Guid(15f073c95fa072344ba835f7efbe3078) Importer(815301076,1909f56bfc062723c751e8b465ee728b)  -> (artifact id: 'd9cdf341ba307b5fec7b5d90ae195584') in 0.037968 seconds 
========================================================================
Received Import Request.
  Time since last request: 47.301086 seconds.
  path: Assets/凱威_1.prefab
  artifactKey: Guid(4d2cf2e68b47d1a43ba8c1b7eec02151) Importer(815301076,1909f56bfc062723c751e8b465ee728b)
Start importing Assets/凱威_1.prefab using Guid(4d2cf2e68b47d1a43ba8c1b7eec02151) Importer(815301076,1909f56bfc062723c751e8b465ee728b)  -> (artifact id: 'dc115bef649f193aec6c348e385cdf94') in 0.042948 seconds 
========================================================================
Received Import Request.
  Time since last request: 14.902139 seconds.
  path: Assets/凱威_1.controller
  artifactKey: Guid(352197d6555e63e4e94ece59aa19e22b) Importer(815301076,1909f56bfc062723c751e8b465ee728b)
Start importing Assets/凱威_1.controller using Guid(352197d6555e63e4e94ece59aa19e22b) Importer(815301076,1909f56bfc062723c751e8b465ee728b)  -> (artifact id: '6c44dffeebe7b5af851c6bce544db313') in 0.004937 seconds 
AssetImportWorkerClient::OnTransportError - code=2 error=End of file
